<?xml version="1.0" encoding="UTF-8"?>
<!-- Generated by org.testng.reporters.JUnitReportReporter -->
<testsuite hostname="smitas-MacBook-Air.local" failures="0" tests="1" name="discoveryTest.DiscoveryMyVideoPageTest" time="50.170" errors="0" timestamp="20 Aug 2019 15:47:44 GMT" skipped="0">
  <testcase classname="discoveryTest.DiscoveryMyVideoPageTest" name="verifyMouseOverOnMoreOption" time="50.170"/>
</testsuite> <!-- discoveryTest.DiscoveryMyVideoPageTest -->
